<?xml version="1.0" encoding="UTF-8"?>
<!-- Generated by org.testng.reporters.JUnitReportReporter -->
<testsuite hostname="DESKTOP-KMA5719" failures="0" tests="1" name="com.STL_TestCases.LoginTest" time="12.142" errors="0" timestamp="2025-07-18T11:17:04 IST" skipped="0">
  <testcase classname="com.STL_TestCases.LoginTest" name="verifyLogin" time="12.142"/>
  <system-out/>
</testsuite> <!-- com.STL_TestCases.LoginTest -->
