<?xml version="1.0" encoding="UTF-8"?>
<!-- Generated by org.testng.reporters.JUnitReportReporter -->
<testsuite hostname="DESKTOP-OOAU8FM" failures="0" tests="1" name="com.STL_TestCases.CreateCRCCTest" time="75.690" errors="0" timestamp="2025-07-29T11:45:15 IST" skipped="0">
  <testcase classname="com.STL_TestCases.CreateCRCCTest" name="createCrcc" time="75.690"/>
</testsuite> <!-- com.STL_TestCases.CreateCRCCTest -->
