<?xml version="1.0" encoding="UTF-8"?>
<!-- Generated by org.testng.reporters.JUnitReportReporter -->
<testsuite hostname="DESKTOP-OOAU8FM" failures="0" tests="1" name="com.STL_TestCases.NavigateToCRCCListTest" time="51.841" errors="0" timestamp="2025-07-27T13:04:45 IST" skipped="0">
  <testcase classname="com.STL_TestCases.NavigateToCRCCListTest" name="navigateToCRCCListPage" time="51.841"/>
</testsuite> <!-- com.STL_TestCases.NavigateToCRCCListTest -->
