<?xml version="1.0" encoding="UTF-8"?>
<!-- Generated by org.testng.reporters.JUnitReportReporter -->
<testsuite hostname="DESKTOP-OOAU8FM" failures="0" tests="1" name="com.STL_TestCases.LoginTest" time="5.768" errors="0" timestamp="2025-07-31T15:03:19 IST" skipped="0">
  <testcase classname="com.STL_TestCases.LoginTest" name="verifyLogin" time="5.768"/>
</testsuite> <!-- com.STL_TestCases.LoginTest -->
