<?xml version="1.0" encoding="UTF-8"?>
<!-- Generated by org.testng.reporters.JUnitReportReporter -->
<testsuite hostname="DESKTOP-OOAU8FM" failures="0" tests="1" name="com.STL_TestCases.CreateCRCCTest" time="44.522" errors="0" timestamp="2025-07-31T14:46:27 IST" skipped="0">
  <testcase classname="com.STL_TestCases.CreateCRCCTest" name="createCrcc" time="44.522"/>
</testsuite> <!-- com.STL_TestCases.CreateCRCCTest -->
