<?xml version="1.0" encoding="UTF-8"?>
<!-- Generated by org.testng.reporters.JUnitReportReporter -->
<testsuite hostname="DESKTOP-KMA5719" failures="0" tests="1" name="com.STL_TestCases.NavigateToCRCCListTest" time="13.291" errors="0" timestamp="2025-07-18T11:17:04 IST" skipped="0">
  <testcase classname="com.STL_TestCases.NavigateToCRCCListTest" name="navigateToCRCCListPage" time="13.291"/>
  <system-out/>
</testsuite> <!-- com.STL_TestCases.NavigateToCRCCListTest -->
