<?xml version="1.0" encoding="UTF-8"?>
<!-- Generated by org.testng.reporters.JUnitReportReporter -->
<testsuite hostname="DESKTOP-OOAU8FM" failures="0" tests="1" name="com.STL_TestCases.CreateCRCCTest" time="95.144" errors="0" timestamp="2025-07-27T13:04:46 IST" skipped="0">
  <testcase classname="com.STL_TestCases.CreateCRCCTest" name="createCrcc" time="95.144"/>
</testsuite> <!-- com.STL_TestCases.CreateCRCCTest -->
