<?xml version="1.0" encoding="UTF-8"?>
<!-- Generated by org.testng.reporters.JUnitReportReporter -->
<testsuite hostname="DESKTOP-OOAU8FM" failures="0" tests="1" name="com.STL_TestCases.NavigateToCRCCListTest" time="7.274" errors="0" timestamp="2025-07-29T11:45:15 IST" skipped="0">
  <testcase classname="com.STL_TestCases.NavigateToCRCCListTest" name="navigateToCRCCListPage" time="7.274"/>
</testsuite> <!-- com.STL_TestCases.NavigateToCRCCListTest -->
