<?xml version="1.0" encoding="UTF-8"?>
<!-- Generated by org.testng.reporters.JUnitReportReporter -->
<testsuite hostname="DESKTOP-KMA5719" failures="0" tests="4" name="com.STL_TestCases.RegisterTest" time="19.651" errors="0" timestamp="2025-05-23T18:14:05 IST" skipped="0">
  <testcase classname="com.STL_TestCases.RegisterTest" name="verifyRegisteringWithMandatoryFields" time="5.113"/>
  <testcase classname="com.STL_TestCases.RegisterTest" name="verifyRegisteringWithAllFields" time="4.853"/>
  <testcase classname="com.STL_TestCases.RegisterTest" name="verifyResisteringWithExistingEmail" time="5.804"/>
  <testcase classname="com.STL_TestCases.RegisterTest" name="verifyRegisteringAccountWithoutFillingAnyDetails" time="3.881"/>
</testsuite> <!-- com.STL_TestCases.RegisterTest -->
