<?xml version="1.0" encoding="UTF-8"?>
<!-- Generated by org.testng.reporters.JUnitReportReporter -->
<testsuite hostname="DESKTOP-KMA5719" failures="0" tests="5" name="com.STL_TestCases.LoginTest" time="22.580" errors="0" timestamp="2025-05-23T18:14:05 IST" skipped="0">
  <testcase classname="com.STL_TestCases.LoginTest" name="loginWithValidCredential" time="4.716"/>
  <testcase classname="com.STL_TestCases.LoginTest" name="loginWithValidCredential" time="4.632"/>
  <testcase classname="com.STL_TestCases.LoginTest" name="loginWithValidCredential" time="4.646"/>
  <testcase classname="com.STL_TestCases.LoginTest" name="loginWithValidCredential" time="4.363"/>
  <testcase classname="com.STL_TestCases.LoginTest" name="loginWithInvalidCredential" time="4.223"/>
</testsuite> <!-- com.STL_TestCases.LoginTest -->
