<?xml version="1.0" encoding="UTF-8"?>
<!-- Generated by org.testng.reporters.JUnitReportReporter -->
<testsuite hostname="DESKTOP-KMA5719" failures="0" tests="3" name="com.STL_TestCases.SearchTest" time="9.362" errors="0" timestamp="2025-05-23T18:14:05 IST" skipped="0">
  <testcase classname="com.STL_TestCases.SearchTest" name="verifySearchWithValidProduct" time="3.153"/>
  <testcase classname="com.STL_TestCases.SearchTest" name="verifySearchWithInvalidProduct" time="3.140"/>
  <testcase classname="com.STL_TestCases.SearchTest" name="verifySearchWithoutAnyProduct" time="3.069"/>
</testsuite> <!-- com.STL_TestCases.SearchTest -->
